<?xml version="1.0" encoding="UTF-8"?>
<testsuite xmlns:xsi="http://www.w3.org/2001/XMLSchema-instance" xsi:noNamespaceSchemaLocation="https://maven.apache.org/surefire/maven-surefire-plugin/xsd/surefire-test-report.xsd" name="SigApiTest" time="0.244" tests="1" errors="0" skipped="0" failures="0">
  <properties>
    <property name="sun.desktop" value="windows"/>
    <property name="awt.toolkit" value="sun.awt.windows.WToolkit"/>
    <property name="file.encoding.pkg" value="sun.io"/>
    <property name="java.specification.version" value="1.8"/>
    <property name="sun.cpu.isalist" value="amd64"/>
    <property name="sun.jnu.encoding" value="GBK"/>
    <property name="java.class.path" value="E:\JavaProjectManager\im-whale-shark\im-domain\target\test-classes;E:\JavaProjectManager\im-whale-shark\im-domain\target\classes;E:\apache-maven-3.6.1\maven-repo\org\springframework\boot\spring-boot-starter-validation\2.3.2.RELEASE\spring-boot-starter-validation-2.3.2.RELEASE.jar;E:\apache-maven-3.6.1\maven-repo\org\springframework\boot\spring-boot-starter\2.3.2.RELEASE\spring-boot-starter-2.3.2.RELEASE.jar;E:\apache-maven-3.6.1\maven-repo\org\springframework\boot\spring-boot\2.3.2.RELEASE\spring-boot-2.3.2.RELEASE.jar;E:\apache-maven-3.6.1\maven-repo\org\springframework\boot\spring-boot-starter-logging\2.3.2.RELEASE\spring-boot-starter-logging-2.3.2.RELEASE.jar;E:\apache-maven-3.6.1\maven-repo\ch\qos\logback\logback-classic\1.2.3\logback-classic-1.2.3.jar;E:\apache-maven-3.6.1\maven-repo\ch\qos\logback\logback-core\1.2.3\logback-core-1.2.3.jar;E:\apache-maven-3.6.1\maven-repo\org\apache\logging\log4j\log4j-to-slf4j\2.13.3\log4j-to-slf4j-2.13.3.jar;E:\apache-maven-3.6.1\maven-repo\org\apache\logging\log4j\log4j-api\2.13.3\log4j-api-2.13.3.jar;E:\apache-maven-3.6.1\maven-repo\org\slf4j\jul-to-slf4j\1.7.30\jul-to-slf4j-1.7.30.jar;E:\apache-maven-3.6.1\maven-repo\jakarta\annotation\jakarta.annotation-api\1.3.5\jakarta.annotation-api-1.3.5.jar;E:\apache-maven-3.6.1\maven-repo\org\yaml\snakeyaml\1.26\snakeyaml-1.26.jar;E:\apache-maven-3.6.1\maven-repo\org\glassfish\jakarta.el\3.0.3\jakarta.el-3.0.3.jar;E:\apache-maven-3.6.1\maven-repo\org\hibernate\validator\hibernate-validator\6.1.5.Final\hibernate-validator-6.1.5.Final.jar;E:\apache-maven-3.6.1\maven-repo\jakarta\validation\jakarta.validation-api\2.0.2\jakarta.validation-api-2.0.2.jar;E:\apache-maven-3.6.1\maven-repo\org\jboss\logging\jboss-logging\3.4.1.Final\jboss-logging-3.4.1.Final.jar;E:\apache-maven-3.6.1\maven-repo\com\fasterxml\classmate\1.5.1\classmate-1.5.1.jar;E:\apache-maven-3.6.1\maven-repo\org\springframework\boot\spring-boot-starter-test\2.3.2.RELEASE\spring-boot-starter-test-2.3.2.RELEASE.jar;E:\apache-maven-3.6.1\maven-repo\org\springframework\boot\spring-boot-test\2.3.2.RELEASE\spring-boot-test-2.3.2.RELEASE.jar;E:\apache-maven-3.6.1\maven-repo\org\springframework\boot\spring-boot-test-autoconfigure\2.3.2.RELEASE\spring-boot-test-autoconfigure-2.3.2.RELEASE.jar;E:\apache-maven-3.6.1\maven-repo\com\jayway\jsonpath\json-path\2.4.0\json-path-2.4.0.jar;E:\apache-maven-3.6.1\maven-repo\net\minidev\json-smart\2.3\json-smart-2.3.jar;E:\apache-maven-3.6.1\maven-repo\net\minidev\accessors-smart\1.2\accessors-smart-1.2.jar;E:\apache-maven-3.6.1\maven-repo\org\ow2\asm\asm\5.0.4\asm-5.0.4.jar;E:\apache-maven-3.6.1\maven-repo\jakarta\xml\bind\jakarta.xml.bind-api\2.3.3\jakarta.xml.bind-api-2.3.3.jar;E:\apache-maven-3.6.1\maven-repo\jakarta\activation\jakarta.activation-api\1.2.2\jakarta.activation-api-1.2.2.jar;E:\apache-maven-3.6.1\maven-repo\org\assertj\assertj-core\3.16.1\assertj-core-3.16.1.jar;E:\apache-maven-3.6.1\maven-repo\org\hamcrest\hamcrest\2.2\hamcrest-2.2.jar;E:\apache-maven-3.6.1\maven-repo\org\junit\jupiter\junit-jupiter\5.6.2\junit-jupiter-5.6.2.jar;E:\apache-maven-3.6.1\maven-repo\org\junit\jupiter\junit-jupiter-api\5.6.2\junit-jupiter-api-5.6.2.jar;E:\apache-maven-3.6.1\maven-repo\org\opentest4j\opentest4j\1.2.0\opentest4j-1.2.0.jar;E:\apache-maven-3.6.1\maven-repo\org\junit\platform\junit-platform-commons\1.6.2\junit-platform-commons-1.6.2.jar;E:\apache-maven-3.6.1\maven-repo\org\junit\jupiter\junit-jupiter-params\5.6.2\junit-jupiter-params-5.6.2.jar;E:\apache-maven-3.6.1\maven-repo\org\junit\jupiter\junit-jupiter-engine\5.6.2\junit-jupiter-engine-5.6.2.jar;E:\apache-maven-3.6.1\maven-repo\org\junit\vintage\junit-vintage-engine\5.6.2\junit-vintage-engine-5.6.2.jar;E:\apache-maven-3.6.1\maven-repo\org\apiguardian\apiguardian-api\1.1.0\apiguardian-api-1.1.0.jar;E:\apache-maven-3.6.1\maven-repo\org\junit\platform\junit-platform-engine\1.6.2\junit-platform-engine-1.6.2.jar;E:\apache-maven-3.6.1\maven-repo\junit\junit\4.13\junit-4.13.jar;E:\apache-maven-3.6.1\maven-repo\org\mockito\mockito-core\3.3.3\mockito-core-3.3.3.jar;E:\apache-maven-3.6.1\maven-repo\net\bytebuddy\byte-buddy\1.10.13\byte-buddy-1.10.13.jar;E:\apache-maven-3.6.1\maven-repo\net\bytebuddy\byte-buddy-agent\1.10.13\byte-buddy-agent-1.10.13.jar;E:\apache-maven-3.6.1\maven-repo\org\objenesis\objenesis\2.6\objenesis-2.6.jar;E:\apache-maven-3.6.1\maven-repo\org\mockito\mockito-junit-jupiter\3.3.3\mockito-junit-jupiter-3.3.3.jar;E:\apache-maven-3.6.1\maven-repo\org\skyscreamer\jsonassert\1.5.0\jsonassert-1.5.0.jar;E:\apache-maven-3.6.1\maven-repo\com\vaadin\external\google\android-json\0.0.20131108.vaadin1\android-json-0.0.20131108.vaadin1.jar;E:\apache-maven-3.6.1\maven-repo\org\springframework\spring-core\5.2.8.RELEASE\spring-core-5.2.8.RELEASE.jar;E:\apache-maven-3.6.1\maven-repo\org\springframework\spring-jcl\5.2.8.RELEASE\spring-jcl-5.2.8.RELEASE.jar;E:\apache-maven-3.6.1\maven-repo\org\springframework\spring-test\5.2.8.RELEASE\spring-test-5.2.8.RELEASE.jar;E:\apache-maven-3.6.1\maven-repo\org\xmlunit\xmlunit-core\2.7.0\xmlunit-core-2.7.0.jar;E:\apache-maven-3.6.1\maven-repo\org\springframework\boot\spring-boot-starter-web\2.3.2.RELEASE\spring-boot-starter-web-2.3.2.RELEASE.jar;E:\apache-maven-3.6.1\maven-repo\org\springframework\boot\spring-boot-starter-json\2.3.2.RELEASE\spring-boot-starter-json-2.3.2.RELEASE.jar;E:\apache-maven-3.6.1\maven-repo\com\fasterxml\jackson\datatype\jackson-datatype-jdk8\2.11.1\jackson-datatype-jdk8-2.11.1.jar;E:\apache-maven-3.6.1\maven-repo\com\fasterxml\jackson\datatype\jackson-datatype-jsr310\2.11.1\jackson-datatype-jsr310-2.11.1.jar;E:\apache-maven-3.6.1\maven-repo\com\fasterxml\jackson\module\jackson-module-parameter-names\2.11.1\jackson-module-parameter-names-2.11.1.jar;E:\apache-maven-3.6.1\maven-repo\org\springframework\boot\spring-boot-starter-tomcat\2.3.2.RELEASE\spring-boot-starter-tomcat-2.3.2.RELEASE.jar;E:\apache-maven-3.6.1\maven-repo\org\apache\tomcat\embed\tomcat-embed-core\9.0.37\tomcat-embed-core-9.0.37.jar;E:\apache-maven-3.6.1\maven-repo\org\apache\tomcat\embed\tomcat-embed-websocket\9.0.37\tomcat-embed-websocket-9.0.37.jar;E:\apache-maven-3.6.1\maven-repo\org\springframework\spring-web\5.2.8.RELEASE\spring-web-5.2.8.RELEASE.jar;E:\apache-maven-3.6.1\maven-repo\org\springframework\spring-beans\5.2.8.RELEASE\spring-beans-5.2.8.RELEASE.jar;E:\apache-maven-3.6.1\maven-repo\org\springframework\spring-webmvc\5.2.8.RELEASE\spring-webmvc-5.2.8.RELEASE.jar;E:\apache-maven-3.6.1\maven-repo\org\springframework\spring-aop\5.2.8.RELEASE\spring-aop-5.2.8.RELEASE.jar;E:\apache-maven-3.6.1\maven-repo\org\springframework\spring-context\5.2.8.RELEASE\spring-context-5.2.8.RELEASE.jar;E:\apache-maven-3.6.1\maven-repo\org\springframework\spring-expression\5.2.8.RELEASE\spring-expression-5.2.8.RELEASE.jar;E:\apache-maven-3.6.1\maven-repo\cn\hutool\hutool-all\5.5.1\hutool-all-5.5.1.jar;E:\apache-maven-3.6.1\maven-repo\org\springframework\boot\spring-boot-starter-jdbc\2.2.1.RELEASE\spring-boot-starter-jdbc-2.2.1.RELEASE.jar;E:\apache-maven-3.6.1\maven-repo\com\zaxxer\HikariCP\3.4.5\HikariCP-3.4.5.jar;E:\apache-maven-3.6.1\maven-repo\org\springframework\spring-jdbc\5.2.8.RELEASE\spring-jdbc-5.2.8.RELEASE.jar;E:\apache-maven-3.6.1\maven-repo\org\springframework\spring-tx\5.2.8.RELEASE\spring-tx-5.2.8.RELEASE.jar;E:\apache-maven-3.6.1\maven-repo\mysql\mysql-connector-java\8.0.11\mysql-connector-java-8.0.11.jar;E:\apache-maven-3.6.1\maven-repo\com\baomidou\mybatis-plus-boot-starter\3.4.2\mybatis-plus-boot-starter-3.4.2.jar;E:\apache-maven-3.6.1\maven-repo\com\baomidou\mybatis-plus\3.4.2\mybatis-plus-3.4.2.jar;E:\apache-maven-3.6.1\maven-repo\com\baomidou\mybatis-plus-extension\3.4.2\mybatis-plus-extension-3.4.2.jar;E:\apache-maven-3.6.1\maven-repo\com\baomidou\mybatis-plus-core\3.4.2\mybatis-plus-core-3.4.2.jar;E:\apache-maven-3.6.1\maven-repo\com\baomidou\mybatis-plus-annotation\3.4.2\mybatis-plus-annotation-3.4.2.jar;E:\apache-maven-3.6.1\maven-repo\com\github\jsqlparser\jsqlparser\4.0\jsqlparser-4.0.jar;E:\apache-maven-3.6.1\maven-repo\org\mybatis\mybatis\3.5.6\mybatis-3.5.6.jar;E:\apache-maven-3.6.1\maven-repo\org\mybatis\mybatis-spring\2.0.5\mybatis-spring-2.0.5.jar;E:\apache-maven-3.6.1\maven-repo\org\springframework\boot\spring-boot-autoconfigure\2.3.2.RELEASE\spring-boot-autoconfigure-2.3.2.RELEASE.jar;E:\apache-maven-3.6.1\maven-repo\com\github\jeffreyning\mybatisplus-plus\1.5.1-RELEASE\mybatisplus-plus-1.5.1-RELEASE.jar;E:\JavaProjectManager\im-whale-shark\im-common\target\im-common-1.0-SNAPSHOT.jar;E:\JavaProjectManager\im-whale-shark\im-infrastructure\target\im-infrastructure-1.0-SNAPSHOT.jar;E:\JavaProjectManager\im-whale-shark\im-codec\target\im-codec-1.0-SNAPSHOT.jar;E:\apache-maven-3.6.1\maven-repo\org\springframework\boot\spring-boot-starter-amqp\2.3.2.RELEASE\spring-boot-starter-amqp-2.3.2.RELEASE.jar;E:\apache-maven-3.6.1\maven-repo\org\springframework\spring-messaging\5.2.8.RELEASE\spring-messaging-5.2.8.RELEASE.jar;E:\apache-maven-3.6.1\maven-repo\org\springframework\amqp\spring-rabbit\2.2.9.RELEASE\spring-rabbit-2.2.9.RELEASE.jar;E:\apache-maven-3.6.1\maven-repo\org\springframework\amqp\spring-amqp\2.2.9.RELEASE\spring-amqp-2.2.9.RELEASE.jar;E:\apache-maven-3.6.1\maven-repo\org\springframework\retry\spring-retry\1.2.5.RELEASE\spring-retry-1.2.5.RELEASE.jar;E:\apache-maven-3.6.1\maven-repo\org\springframework\boot\spring-boot-starter-data-redis\2.3.2.RELEASE\spring-boot-starter-data-redis-2.3.2.RELEASE.jar;E:\apache-maven-3.6.1\maven-repo\org\springframework\data\spring-data-redis\2.3.2.RELEASE\spring-data-redis-2.3.2.RELEASE.jar;E:\apache-maven-3.6.1\maven-repo\org\springframework\data\spring-data-keyvalue\2.3.2.RELEASE\spring-data-keyvalue-2.3.2.RELEASE.jar;E:\apache-maven-3.6.1\maven-repo\org\springframework\data\spring-data-commons\2.3.2.RELEASE\spring-data-commons-2.3.2.RELEASE.jar;E:\apache-maven-3.6.1\maven-repo\org\springframework\spring-oxm\5.2.8.RELEASE\spring-oxm-5.2.8.RELEASE.jar;E:\apache-maven-3.6.1\maven-repo\org\springframework\spring-context-support\5.2.8.RELEASE\spring-context-support-5.2.8.RELEASE.jar;E:\apache-maven-3.6.1\maven-repo\io\lettuce\lettuce-core\5.3.2.RELEASE\lettuce-core-5.3.2.RELEASE.jar;E:\apache-maven-3.6.1\maven-repo\org\redisson\redisson\3.15.6\redisson-3.15.6.jar;E:\apache-maven-3.6.1\maven-repo\javax\cache\cache-api\1.1.1\cache-api-1.1.1.jar;E:\apache-maven-3.6.1\maven-repo\io\projectreactor\reactor-core\3.3.8.RELEASE\reactor-core-3.3.8.RELEASE.jar;E:\apache-maven-3.6.1\maven-repo\org\reactivestreams\reactive-streams\1.0.3\reactive-streams-1.0.3.jar;E:\apache-maven-3.6.1\maven-repo\io\reactivex\rxjava3\rxjava\3.0.12\rxjava-3.0.12.jar;E:\apache-maven-3.6.1\maven-repo\org\jboss\marshalling\jboss-marshalling-river\2.0.11.Final\jboss-marshalling-river-2.0.11.Final.jar;E:\apache-maven-3.6.1\maven-repo\org\jboss\marshalling\jboss-marshalling\2.0.11.Final\jboss-marshalling-2.0.11.Final.jar;E:\apache-maven-3.6.1\maven-repo\com\fasterxml\jackson\dataformat\jackson-dataformat-yaml\2.11.1\jackson-dataformat-yaml-2.11.1.jar;E:\apache-maven-3.6.1\maven-repo\com\fasterxml\jackson\core\jackson-core\2.11.1\jackson-core-2.11.1.jar;E:\apache-maven-3.6.1\maven-repo\org\jodd\jodd-bean\5.1.6\jodd-bean-5.1.6.jar;E:\apache-maven-3.6.1\maven-repo\org\jodd\jodd-core\5.1.6\jodd-core-5.1.6.jar;E:\apache-maven-3.6.1\maven-repo\org\apache\httpcomponents\httpclient\4.5.12\httpclient-4.5.12.jar;E:\apache-maven-3.6.1\maven-repo\org\apache\httpcomponents\httpcore\4.4.13\httpcore-4.4.13.jar;E:\apache-maven-3.6.1\maven-repo\commons-codec\commons-codec\1.14\commons-codec-1.14.jar;E:\apache-maven-3.6.1\maven-repo\org\apache\commons\commons-pool2\2.8.0\commons-pool2-2.8.0.jar;E:\apache-maven-3.6.1\maven-repo\org\apache\curator\curator-framework\5.1.0\curator-framework-5.1.0.jar;E:\apache-maven-3.6.1\maven-repo\org\apache\curator\curator-client\5.1.0\curator-client-5.1.0.jar;E:\apache-maven-3.6.1\maven-repo\com\google\guava\guava\27.0.1-jre\guava-27.0.1-jre.jar;E:\apache-maven-3.6.1\maven-repo\com\google\guava\failureaccess\1.0.1\failureaccess-1.0.1.jar;E:\apache-maven-3.6.1\maven-repo\com\google\guava\listenablefuture\9999.0-empty-to-avoid-conflict-with-guava\listenablefuture-9999.0-empty-to-avoid-conflict-with-guava.jar;E:\apache-maven-3.6.1\maven-repo\com\google\code\findbugs\jsr305\3.0.2\jsr305-3.0.2.jar;E:\apache-maven-3.6.1\maven-repo\org\checkerframework\checker-qual\2.5.2\checker-qual-2.5.2.jar;E:\apache-maven-3.6.1\maven-repo\com\google\errorprone\error_prone_annotations\2.2.0\error_prone_annotations-2.2.0.jar;E:\apache-maven-3.6.1\maven-repo\com\google\j2objc\j2objc-annotations\1.1\j2objc-annotations-1.1.jar;E:\apache-maven-3.6.1\maven-repo\org\codehaus\mojo\animal-sniffer-annotations\1.17\animal-sniffer-annotations-1.17.jar;E:\apache-maven-3.6.1\maven-repo\org\projectlombok\lombok\1.18.24\lombok-1.18.24.jar;E:\apache-maven-3.6.1\maven-repo\com\alibaba\fastjson\1.2.51\fastjson-1.2.51.jar;E:\apache-maven-3.6.1\maven-repo\io\netty\netty-all\4.1.77.Final\netty-all-4.1.77.Final.jar;E:\apache-maven-3.6.1\maven-repo\io\netty\netty-buffer\4.1.51.Final\netty-buffer-4.1.51.Final.jar;E:\apache-maven-3.6.1\maven-repo\io\netty\netty-codec\4.1.51.Final\netty-codec-4.1.51.Final.jar;E:\apache-maven-3.6.1\maven-repo\io\netty\netty-codec-dns\4.1.51.Final\netty-codec-dns-4.1.51.Final.jar;E:\apache-maven-3.6.1\maven-repo\io\netty\netty-codec-haproxy\4.1.51.Final\netty-codec-haproxy-4.1.51.Final.jar;E:\apache-maven-3.6.1\maven-repo\io\netty\netty-codec-http\4.1.51.Final\netty-codec-http-4.1.51.Final.jar;E:\apache-maven-3.6.1\maven-repo\io\netty\netty-codec-http2\4.1.51.Final\netty-codec-http2-4.1.51.Final.jar;E:\apache-maven-3.6.1\maven-repo\io\netty\netty-codec-memcache\4.1.51.Final\netty-codec-memcache-4.1.51.Final.jar;E:\apache-maven-3.6.1\maven-repo\io\netty\netty-codec-mqtt\4.1.51.Final\netty-codec-mqtt-4.1.51.Final.jar;E:\apache-maven-3.6.1\maven-repo\io\netty\netty-codec-redis\4.1.51.Final\netty-codec-redis-4.1.51.Final.jar;E:\apache-maven-3.6.1\maven-repo\io\netty\netty-codec-smtp\4.1.51.Final\netty-codec-smtp-4.1.51.Final.jar;E:\apache-maven-3.6.1\maven-repo\io\netty\netty-codec-socks\4.1.51.Final\netty-codec-socks-4.1.51.Final.jar;E:\apache-maven-3.6.1\maven-repo\io\netty\netty-codec-stomp\4.1.51.Final\netty-codec-stomp-4.1.51.Final.jar;E:\apache-maven-3.6.1\maven-repo\io\netty\netty-codec-xml\4.1.51.Final\netty-codec-xml-4.1.51.Final.jar;E:\apache-maven-3.6.1\maven-repo\io\netty\netty-common\4.1.51.Final\netty-common-4.1.51.Final.jar;E:\apache-maven-3.6.1\maven-repo\io\netty\netty-handler\4.1.51.Final\netty-handler-4.1.51.Final.jar;E:\apache-maven-3.6.1\maven-repo\io\netty\netty-handler-proxy\4.1.51.Final\netty-handler-proxy-4.1.51.Final.jar;E:\apache-maven-3.6.1\maven-repo\io\netty\netty-resolver\4.1.51.Final\netty-resolver-4.1.51.Final.jar;E:\apache-maven-3.6.1\maven-repo\io\netty\netty-resolver-dns\4.1.51.Final\netty-resolver-dns-4.1.51.Final.jar;E:\apache-maven-3.6.1\maven-repo\io\netty\netty-transport\4.1.51.Final\netty-transport-4.1.51.Final.jar;E:\apache-maven-3.6.1\maven-repo\io\netty\netty-transport-rxtx\4.1.51.Final\netty-transport-rxtx-4.1.51.Final.jar;E:\apache-maven-3.6.1\maven-repo\io\netty\netty-transport-sctp\4.1.51.Final\netty-transport-sctp-4.1.51.Final.jar;E:\apache-maven-3.6.1\maven-repo\io\netty\netty-transport-udt\4.1.51.Final\netty-transport-udt-4.1.51.Final.jar;E:\apache-maven-3.6.1\maven-repo\io\netty\netty-transport-classes-epoll\4.1.77.Final\netty-transport-classes-epoll-4.1.77.Final.jar;E:\apache-maven-3.6.1\maven-repo\io\netty\netty-transport-native-unix-common\4.1.51.Final\netty-transport-native-unix-common-4.1.51.Final.jar;E:\apache-maven-3.6.1\maven-repo\io\netty\netty-transport-classes-kqueue\4.1.77.Final\netty-transport-classes-kqueue-4.1.77.Final.jar;E:\apache-maven-3.6.1\maven-repo\io\netty\netty-resolver-dns-classes-macos\4.1.77.Final\netty-resolver-dns-classes-macos-4.1.77.Final.jar;E:\apache-maven-3.6.1\maven-repo\io\netty\netty-transport-native-epoll\4.1.51.Final\netty-transport-native-epoll-4.1.51.Final-linux-x86_64.jar;E:\apache-maven-3.6.1\maven-repo\io\netty\netty-transport-native-epoll\4.1.77.Final\netty-transport-native-epoll-4.1.77.Final-linux-aarch_64.jar;E:\apache-maven-3.6.1\maven-repo\io\netty\netty-transport-native-kqueue\4.1.51.Final\netty-transport-native-kqueue-4.1.51.Final-osx-x86_64.jar;E:\apache-maven-3.6.1\maven-repo\io\netty\netty-transport-native-kqueue\4.1.77.Final\netty-transport-native-kqueue-4.1.77.Final-osx-aarch_64.jar;E:\apache-maven-3.6.1\maven-repo\io\netty\netty-resolver-dns-native-macos\4.1.51.Final\netty-resolver-dns-native-macos-4.1.51.Final-osx-x86_64.jar;E:\apache-maven-3.6.1\maven-repo\io\netty\netty-resolver-dns-native-macos\4.1.77.Final\netty-resolver-dns-native-macos-4.1.77.Final-osx-aarch_64.jar;E:\apache-maven-3.6.1\maven-repo\org\apache\commons\commons-lang3\3.12.0\commons-lang3-3.12.0.jar;E:\apache-maven-3.6.1\maven-repo\com\rabbitmq\amqp-client\5.9.0\amqp-client-5.9.0.jar;E:\apache-maven-3.6.1\maven-repo\org\slf4j\slf4j-api\1.7.30\slf4j-api-1.7.30.jar;E:\apache-maven-3.6.1\maven-repo\com\github\sgroschupf\zkclient\0.1\zkclient-0.1.jar;E:\apache-maven-3.6.1\maven-repo\org\apache\zookeeper\zookeeper\3.3.3\zookeeper-3.3.3.jar;E:\apache-maven-3.6.1\maven-repo\jline\jline\0.9.94\jline-0.9.94.jar;E:\apache-maven-3.6.1\maven-repo\log4j\log4j\1.2.14\log4j-1.2.14.jar;E:\apache-maven-3.6.1\maven-repo\com\netflix\feign\feign-core\8.18.0\feign-core-8.18.0.jar;E:\apache-maven-3.6.1\maven-repo\org\jvnet\animal-sniffer-annotation\1.0\animal-sniffer-annotation-1.0.jar;E:\apache-maven-3.6.1\maven-repo\com\netflix\feign\feign-jackson\8.18.0\feign-jackson-8.18.0.jar;E:\apache-maven-3.6.1\maven-repo\com\fasterxml\jackson\core\jackson-databind\2.11.1\jackson-databind-2.11.1.jar;E:\apache-maven-3.6.1\maven-repo\com\fasterxml\jackson\core\jackson-annotations\2.11.1\jackson-annotations-2.11.1.jar;"/>
    <property name="java.vm.vendor" value="Amazon.com Inc."/>
    <property name="sun.arch.data.model" value="64"/>
    <property name="user.variant" value=""/>
    <property name="java.vendor.url" value="https://aws.amazon.com/corretto/"/>
    <property name="user.timezone" value="Asia/Shanghai"/>
    <property name="java.vm.specification.version" value="1.8"/>
    <property name="os.name" value="Windows 10"/>
    <property name="user.country" value="CN"/>
    <property name="sun.java.launcher" value="SUN_STANDARD"/>
    <property name="sun.boot.library.path" value="C:\Users\12902\.jdks\corretto-1.8.0_322\jre\bin"/>
    <property name="sun.java.command" value="C:\Users\12902\AppData\Local\Temp\surefire142814744766829404\surefirebooter1913960196715698853.jar C:\Users\12902\AppData\Local\Temp\surefire142814744766829404 2023-07-21T12-07-58_854-jvmRun1 surefire1300227148539668483tmp surefire_0297925529771774863tmp"/>
    <property name="surefire.test.class.path" value="E:\JavaProjectManager\im-whale-shark\im-domain\target\test-classes;E:\JavaProjectManager\im-whale-shark\im-domain\target\classes;E:\apache-maven-3.6.1\maven-repo\org\springframework\boot\spring-boot-starter-validation\2.3.2.RELEASE\spring-boot-starter-validation-2.3.2.RELEASE.jar;E:\apache-maven-3.6.1\maven-repo\org\springframework\boot\spring-boot-starter\2.3.2.RELEASE\spring-boot-starter-2.3.2.RELEASE.jar;E:\apache-maven-3.6.1\maven-repo\org\springframework\boot\spring-boot\2.3.2.RELEASE\spring-boot-2.3.2.RELEASE.jar;E:\apache-maven-3.6.1\maven-repo\org\springframework\boot\spring-boot-starter-logging\2.3.2.RELEASE\spring-boot-starter-logging-2.3.2.RELEASE.jar;E:\apache-maven-3.6.1\maven-repo\ch\qos\logback\logback-classic\1.2.3\logback-classic-1.2.3.jar;E:\apache-maven-3.6.1\maven-repo\ch\qos\logback\logback-core\1.2.3\logback-core-1.2.3.jar;E:\apache-maven-3.6.1\maven-repo\org\apache\logging\log4j\log4j-to-slf4j\2.13.3\log4j-to-slf4j-2.13.3.jar;E:\apache-maven-3.6.1\maven-repo\org\apache\logging\log4j\log4j-api\2.13.3\log4j-api-2.13.3.jar;E:\apache-maven-3.6.1\maven-repo\org\slf4j\jul-to-slf4j\1.7.30\jul-to-slf4j-1.7.30.jar;E:\apache-maven-3.6.1\maven-repo\jakarta\annotation\jakarta.annotation-api\1.3.5\jakarta.annotation-api-1.3.5.jar;E:\apache-maven-3.6.1\maven-repo\org\yaml\snakeyaml\1.26\snakeyaml-1.26.jar;E:\apache-maven-3.6.1\maven-repo\org\glassfish\jakarta.el\3.0.3\jakarta.el-3.0.3.jar;E:\apache-maven-3.6.1\maven-repo\org\hibernate\validator\hibernate-validator\6.1.5.Final\hibernate-validator-6.1.5.Final.jar;E:\apache-maven-3.6.1\maven-repo\jakarta\validation\jakarta.validation-api\2.0.2\jakarta.validation-api-2.0.2.jar;E:\apache-maven-3.6.1\maven-repo\org\jboss\logging\jboss-logging\3.4.1.Final\jboss-logging-3.4.1.Final.jar;E:\apache-maven-3.6.1\maven-repo\com\fasterxml\classmate\1.5.1\classmate-1.5.1.jar;E:\apache-maven-3.6.1\maven-repo\org\springframework\boot\spring-boot-starter-test\2.3.2.RELEASE\spring-boot-starter-test-2.3.2.RELEASE.jar;E:\apache-maven-3.6.1\maven-repo\org\springframework\boot\spring-boot-test\2.3.2.RELEASE\spring-boot-test-2.3.2.RELEASE.jar;E:\apache-maven-3.6.1\maven-repo\org\springframework\boot\spring-boot-test-autoconfigure\2.3.2.RELEASE\spring-boot-test-autoconfigure-2.3.2.RELEASE.jar;E:\apache-maven-3.6.1\maven-repo\com\jayway\jsonpath\json-path\2.4.0\json-path-2.4.0.jar;E:\apache-maven-3.6.1\maven-repo\net\minidev\json-smart\2.3\json-smart-2.3.jar;E:\apache-maven-3.6.1\maven-repo\net\minidev\accessors-smart\1.2\accessors-smart-1.2.jar;E:\apache-maven-3.6.1\maven-repo\org\ow2\asm\asm\5.0.4\asm-5.0.4.jar;E:\apache-maven-3.6.1\maven-repo\jakarta\xml\bind\jakarta.xml.bind-api\2.3.3\jakarta.xml.bind-api-2.3.3.jar;E:\apache-maven-3.6.1\maven-repo\jakarta\activation\jakarta.activation-api\1.2.2\jakarta.activation-api-1.2.2.jar;E:\apache-maven-3.6.1\maven-repo\org\assertj\assertj-core\3.16.1\assertj-core-3.16.1.jar;E:\apache-maven-3.6.1\maven-repo\org\hamcrest\hamcrest\2.2\hamcrest-2.2.jar;E:\apache-maven-3.6.1\maven-repo\org\junit\jupiter\junit-jupiter\5.6.2\junit-jupiter-5.6.2.jar;E:\apache-maven-3.6.1\maven-repo\org\junit\jupiter\junit-jupiter-api\5.6.2\junit-jupiter-api-5.6.2.jar;E:\apache-maven-3.6.1\maven-repo\org\opentest4j\opentest4j\1.2.0\opentest4j-1.2.0.jar;E:\apache-maven-3.6.1\maven-repo\org\junit\platform\junit-platform-commons\1.6.2\junit-platform-commons-1.6.2.jar;E:\apache-maven-3.6.1\maven-repo\org\junit\jupiter\junit-jupiter-params\5.6.2\junit-jupiter-params-5.6.2.jar;E:\apache-maven-3.6.1\maven-repo\org\junit\jupiter\junit-jupiter-engine\5.6.2\junit-jupiter-engine-5.6.2.jar;E:\apache-maven-3.6.1\maven-repo\org\junit\vintage\junit-vintage-engine\5.6.2\junit-vintage-engine-5.6.2.jar;E:\apache-maven-3.6.1\maven-repo\org\apiguardian\apiguardian-api\1.1.0\apiguardian-api-1.1.0.jar;E:\apache-maven-3.6.1\maven-repo\org\junit\platform\junit-platform-engine\1.6.2\junit-platform-engine-1.6.2.jar;E:\apache-maven-3.6.1\maven-repo\junit\junit\4.13\junit-4.13.jar;E:\apache-maven-3.6.1\maven-repo\org\mockito\mockito-core\3.3.3\mockito-core-3.3.3.jar;E:\apache-maven-3.6.1\maven-repo\net\bytebuddy\byte-buddy\1.10.13\byte-buddy-1.10.13.jar;E:\apache-maven-3.6.1\maven-repo\net\bytebuddy\byte-buddy-agent\1.10.13\byte-buddy-agent-1.10.13.jar;E:\apache-maven-3.6.1\maven-repo\org\objenesis\objenesis\2.6\objenesis-2.6.jar;E:\apache-maven-3.6.1\maven-repo\org\mockito\mockito-junit-jupiter\3.3.3\mockito-junit-jupiter-3.3.3.jar;E:\apache-maven-3.6.1\maven-repo\org\skyscreamer\jsonassert\1.5.0\jsonassert-1.5.0.jar;E:\apache-maven-3.6.1\maven-repo\com\vaadin\external\google\android-json\0.0.20131108.vaadin1\android-json-0.0.20131108.vaadin1.jar;E:\apache-maven-3.6.1\maven-repo\org\springframework\spring-core\5.2.8.RELEASE\spring-core-5.2.8.RELEASE.jar;E:\apache-maven-3.6.1\maven-repo\org\springframework\spring-jcl\5.2.8.RELEASE\spring-jcl-5.2.8.RELEASE.jar;E:\apache-maven-3.6.1\maven-repo\org\springframework\spring-test\5.2.8.RELEASE\spring-test-5.2.8.RELEASE.jar;E:\apache-maven-3.6.1\maven-repo\org\xmlunit\xmlunit-core\2.7.0\xmlunit-core-2.7.0.jar;E:\apache-maven-3.6.1\maven-repo\org\springframework\boot\spring-boot-starter-web\2.3.2.RELEASE\spring-boot-starter-web-2.3.2.RELEASE.jar;E:\apache-maven-3.6.1\maven-repo\org\springframework\boot\spring-boot-starter-json\2.3.2.RELEASE\spring-boot-starter-json-2.3.2.RELEASE.jar;E:\apache-maven-3.6.1\maven-repo\com\fasterxml\jackson\datatype\jackson-datatype-jdk8\2.11.1\jackson-datatype-jdk8-2.11.1.jar;E:\apache-maven-3.6.1\maven-repo\com\fasterxml\jackson\datatype\jackson-datatype-jsr310\2.11.1\jackson-datatype-jsr310-2.11.1.jar;E:\apache-maven-3.6.1\maven-repo\com\fasterxml\jackson\module\jackson-module-parameter-names\2.11.1\jackson-module-parameter-names-2.11.1.jar;E:\apache-maven-3.6.1\maven-repo\org\springframework\boot\spring-boot-starter-tomcat\2.3.2.RELEASE\spring-boot-starter-tomcat-2.3.2.RELEASE.jar;E:\apache-maven-3.6.1\maven-repo\org\apache\tomcat\embed\tomcat-embed-core\9.0.37\tomcat-embed-core-9.0.37.jar;E:\apache-maven-3.6.1\maven-repo\org\apache\tomcat\embed\tomcat-embed-websocket\9.0.37\tomcat-embed-websocket-9.0.37.jar;E:\apache-maven-3.6.1\maven-repo\org\springframework\spring-web\5.2.8.RELEASE\spring-web-5.2.8.RELEASE.jar;E:\apache-maven-3.6.1\maven-repo\org\springframework\spring-beans\5.2.8.RELEASE\spring-beans-5.2.8.RELEASE.jar;E:\apache-maven-3.6.1\maven-repo\org\springframework\spring-webmvc\5.2.8.RELEASE\spring-webmvc-5.2.8.RELEASE.jar;E:\apache-maven-3.6.1\maven-repo\org\springframework\spring-aop\5.2.8.RELEASE\spring-aop-5.2.8.RELEASE.jar;E:\apache-maven-3.6.1\maven-repo\org\springframework\spring-context\5.2.8.RELEASE\spring-context-5.2.8.RELEASE.jar;E:\apache-maven-3.6.1\maven-repo\org\springframework\spring-expression\5.2.8.RELEASE\spring-expression-5.2.8.RELEASE.jar;E:\apache-maven-3.6.1\maven-repo\cn\hutool\hutool-all\5.5.1\hutool-all-5.5.1.jar;E:\apache-maven-3.6.1\maven-repo\org\springframework\boot\spring-boot-starter-jdbc\2.2.1.RELEASE\spring-boot-starter-jdbc-2.2.1.RELEASE.jar;E:\apache-maven-3.6.1\maven-repo\com\zaxxer\HikariCP\3.4.5\HikariCP-3.4.5.jar;E:\apache-maven-3.6.1\maven-repo\org\springframework\spring-jdbc\5.2.8.RELEASE\spring-jdbc-5.2.8.RELEASE.jar;E:\apache-maven-3.6.1\maven-repo\org\springframework\spring-tx\5.2.8.RELEASE\spring-tx-5.2.8.RELEASE.jar;E:\apache-maven-3.6.1\maven-repo\mysql\mysql-connector-java\8.0.11\mysql-connector-java-8.0.11.jar;E:\apache-maven-3.6.1\maven-repo\com\baomidou\mybatis-plus-boot-starter\3.4.2\mybatis-plus-boot-starter-3.4.2.jar;E:\apache-maven-3.6.1\maven-repo\com\baomidou\mybatis-plus\3.4.2\mybatis-plus-3.4.2.jar;E:\apache-maven-3.6.1\maven-repo\com\baomidou\mybatis-plus-extension\3.4.2\mybatis-plus-extension-3.4.2.jar;E:\apache-maven-3.6.1\maven-repo\com\baomidou\mybatis-plus-core\3.4.2\mybatis-plus-core-3.4.2.jar;E:\apache-maven-3.6.1\maven-repo\com\baomidou\mybatis-plus-annotation\3.4.2\mybatis-plus-annotation-3.4.2.jar;E:\apache-maven-3.6.1\maven-repo\com\github\jsqlparser\jsqlparser\4.0\jsqlparser-4.0.jar;E:\apache-maven-3.6.1\maven-repo\org\mybatis\mybatis\3.5.6\mybatis-3.5.6.jar;E:\apache-maven-3.6.1\maven-repo\org\mybatis\mybatis-spring\2.0.5\mybatis-spring-2.0.5.jar;E:\apache-maven-3.6.1\maven-repo\org\springframework\boot\spring-boot-autoconfigure\2.3.2.RELEASE\spring-boot-autoconfigure-2.3.2.RELEASE.jar;E:\apache-maven-3.6.1\maven-repo\com\github\jeffreyning\mybatisplus-plus\1.5.1-RELEASE\mybatisplus-plus-1.5.1-RELEASE.jar;E:\JavaProjectManager\im-whale-shark\im-common\target\im-common-1.0-SNAPSHOT.jar;E:\JavaProjectManager\im-whale-shark\im-infrastructure\target\im-infrastructure-1.0-SNAPSHOT.jar;E:\JavaProjectManager\im-whale-shark\im-codec\target\im-codec-1.0-SNAPSHOT.jar;E:\apache-maven-3.6.1\maven-repo\org\springframework\boot\spring-boot-starter-amqp\2.3.2.RELEASE\spring-boot-starter-amqp-2.3.2.RELEASE.jar;E:\apache-maven-3.6.1\maven-repo\org\springframework\spring-messaging\5.2.8.RELEASE\spring-messaging-5.2.8.RELEASE.jar;E:\apache-maven-3.6.1\maven-repo\org\springframework\amqp\spring-rabbit\2.2.9.RELEASE\spring-rabbit-2.2.9.RELEASE.jar;E:\apache-maven-3.6.1\maven-repo\org\springframework\amqp\spring-amqp\2.2.9.RELEASE\spring-amqp-2.2.9.RELEASE.jar;E:\apache-maven-3.6.1\maven-repo\org\springframework\retry\spring-retry\1.2.5.RELEASE\spring-retry-1.2.5.RELEASE.jar;E:\apache-maven-3.6.1\maven-repo\org\springframework\boot\spring-boot-starter-data-redis\2.3.2.RELEASE\spring-boot-starter-data-redis-2.3.2.RELEASE.jar;E:\apache-maven-3.6.1\maven-repo\org\springframework\data\spring-data-redis\2.3.2.RELEASE\spring-data-redis-2.3.2.RELEASE.jar;E:\apache-maven-3.6.1\maven-repo\org\springframework\data\spring-data-keyvalue\2.3.2.RELEASE\spring-data-keyvalue-2.3.2.RELEASE.jar;E:\apache-maven-3.6.1\maven-repo\org\springframework\data\spring-data-commons\2.3.2.RELEASE\spring-data-commons-2.3.2.RELEASE.jar;E:\apache-maven-3.6.1\maven-repo\org\springframework\spring-oxm\5.2.8.RELEASE\spring-oxm-5.2.8.RELEASE.jar;E:\apache-maven-3.6.1\maven-repo\org\springframework\spring-context-support\5.2.8.RELEASE\spring-context-support-5.2.8.RELEASE.jar;E:\apache-maven-3.6.1\maven-repo\io\lettuce\lettuce-core\5.3.2.RELEASE\lettuce-core-5.3.2.RELEASE.jar;E:\apache-maven-3.6.1\maven-repo\org\redisson\redisson\3.15.6\redisson-3.15.6.jar;E:\apache-maven-3.6.1\maven-repo\javax\cache\cache-api\1.1.1\cache-api-1.1.1.jar;E:\apache-maven-3.6.1\maven-repo\io\projectreactor\reactor-core\3.3.8.RELEASE\reactor-core-3.3.8.RELEASE.jar;E:\apache-maven-3.6.1\maven-repo\org\reactivestreams\reactive-streams\1.0.3\reactive-streams-1.0.3.jar;E:\apache-maven-3.6.1\maven-repo\io\reactivex\rxjava3\rxjava\3.0.12\rxjava-3.0.12.jar;E:\apache-maven-3.6.1\maven-repo\org\jboss\marshalling\jboss-marshalling-river\2.0.11.Final\jboss-marshalling-river-2.0.11.Final.jar;E:\apache-maven-3.6.1\maven-repo\org\jboss\marshalling\jboss-marshalling\2.0.11.Final\jboss-marshalling-2.0.11.Final.jar;E:\apache-maven-3.6.1\maven-repo\com\fasterxml\jackson\dataformat\jackson-dataformat-yaml\2.11.1\jackson-dataformat-yaml-2.11.1.jar;E:\apache-maven-3.6.1\maven-repo\com\fasterxml\jackson\core\jackson-core\2.11.1\jackson-core-2.11.1.jar;E:\apache-maven-3.6.1\maven-repo\org\jodd\jodd-bean\5.1.6\jodd-bean-5.1.6.jar;E:\apache-maven-3.6.1\maven-repo\org\jodd\jodd-core\5.1.6\jodd-core-5.1.6.jar;E:\apache-maven-3.6.1\maven-repo\org\apache\httpcomponents\httpclient\4.5.12\httpclient-4.5.12.jar;E:\apache-maven-3.6.1\maven-repo\org\apache\httpcomponents\httpcore\4.4.13\httpcore-4.4.13.jar;E:\apache-maven-3.6.1\maven-repo\commons-codec\commons-codec\1.14\commons-codec-1.14.jar;E:\apache-maven-3.6.1\maven-repo\org\apache\commons\commons-pool2\2.8.0\commons-pool2-2.8.0.jar;E:\apache-maven-3.6.1\maven-repo\org\apache\curator\curator-framework\5.1.0\curator-framework-5.1.0.jar;E:\apache-maven-3.6.1\maven-repo\org\apache\curator\curator-client\5.1.0\curator-client-5.1.0.jar;E:\apache-maven-3.6.1\maven-repo\com\google\guava\guava\27.0.1-jre\guava-27.0.1-jre.jar;E:\apache-maven-3.6.1\maven-repo\com\google\guava\failureaccess\1.0.1\failureaccess-1.0.1.jar;E:\apache-maven-3.6.1\maven-repo\com\google\guava\listenablefuture\9999.0-empty-to-avoid-conflict-with-guava\listenablefuture-9999.0-empty-to-avoid-conflict-with-guava.jar;E:\apache-maven-3.6.1\maven-repo\com\google\code\findbugs\jsr305\3.0.2\jsr305-3.0.2.jar;E:\apache-maven-3.6.1\maven-repo\org\checkerframework\checker-qual\2.5.2\checker-qual-2.5.2.jar;E:\apache-maven-3.6.1\maven-repo\com\google\errorprone\error_prone_annotations\2.2.0\error_prone_annotations-2.2.0.jar;E:\apache-maven-3.6.1\maven-repo\com\google\j2objc\j2objc-annotations\1.1\j2objc-annotations-1.1.jar;E:\apache-maven-3.6.1\maven-repo\org\codehaus\mojo\animal-sniffer-annotations\1.17\animal-sniffer-annotations-1.17.jar;E:\apache-maven-3.6.1\maven-repo\org\projectlombok\lombok\1.18.24\lombok-1.18.24.jar;E:\apache-maven-3.6.1\maven-repo\com\alibaba\fastjson\1.2.51\fastjson-1.2.51.jar;E:\apache-maven-3.6.1\maven-repo\io\netty\netty-all\4.1.77.Final\netty-all-4.1.77.Final.jar;E:\apache-maven-3.6.1\maven-repo\io\netty\netty-buffer\4.1.51.Final\netty-buffer-4.1.51.Final.jar;E:\apache-maven-3.6.1\maven-repo\io\netty\netty-codec\4.1.51.Final\netty-codec-4.1.51.Final.jar;E:\apache-maven-3.6.1\maven-repo\io\netty\netty-codec-dns\4.1.51.Final\netty-codec-dns-4.1.51.Final.jar;E:\apache-maven-3.6.1\maven-repo\io\netty\netty-codec-haproxy\4.1.51.Final\netty-codec-haproxy-4.1.51.Final.jar;E:\apache-maven-3.6.1\maven-repo\io\netty\netty-codec-http\4.1.51.Final\netty-codec-http-4.1.51.Final.jar;E:\apache-maven-3.6.1\maven-repo\io\netty\netty-codec-http2\4.1.51.Final\netty-codec-http2-4.1.51.Final.jar;E:\apache-maven-3.6.1\maven-repo\io\netty\netty-codec-memcache\4.1.51.Final\netty-codec-memcache-4.1.51.Final.jar;E:\apache-maven-3.6.1\maven-repo\io\netty\netty-codec-mqtt\4.1.51.Final\netty-codec-mqtt-4.1.51.Final.jar;E:\apache-maven-3.6.1\maven-repo\io\netty\netty-codec-redis\4.1.51.Final\netty-codec-redis-4.1.51.Final.jar;E:\apache-maven-3.6.1\maven-repo\io\netty\netty-codec-smtp\4.1.51.Final\netty-codec-smtp-4.1.51.Final.jar;E:\apache-maven-3.6.1\maven-repo\io\netty\netty-codec-socks\4.1.51.Final\netty-codec-socks-4.1.51.Final.jar;E:\apache-maven-3.6.1\maven-repo\io\netty\netty-codec-stomp\4.1.51.Final\netty-codec-stomp-4.1.51.Final.jar;E:\apache-maven-3.6.1\maven-repo\io\netty\netty-codec-xml\4.1.51.Final\netty-codec-xml-4.1.51.Final.jar;E:\apache-maven-3.6.1\maven-repo\io\netty\netty-common\4.1.51.Final\netty-common-4.1.51.Final.jar;E:\apache-maven-3.6.1\maven-repo\io\netty\netty-handler\4.1.51.Final\netty-handler-4.1.51.Final.jar;E:\apache-maven-3.6.1\maven-repo\io\netty\netty-handler-proxy\4.1.51.Final\netty-handler-proxy-4.1.51.Final.jar;E:\apache-maven-3.6.1\maven-repo\io\netty\netty-resolver\4.1.51.Final\netty-resolver-4.1.51.Final.jar;E:\apache-maven-3.6.1\maven-repo\io\netty\netty-resolver-dns\4.1.51.Final\netty-resolver-dns-4.1.51.Final.jar;E:\apache-maven-3.6.1\maven-repo\io\netty\netty-transport\4.1.51.Final\netty-transport-4.1.51.Final.jar;E:\apache-maven-3.6.1\maven-repo\io\netty\netty-transport-rxtx\4.1.51.Final\netty-transport-rxtx-4.1.51.Final.jar;E:\apache-maven-3.6.1\maven-repo\io\netty\netty-transport-sctp\4.1.51.Final\netty-transport-sctp-4.1.51.Final.jar;E:\apache-maven-3.6.1\maven-repo\io\netty\netty-transport-udt\4.1.51.Final\netty-transport-udt-4.1.51.Final.jar;E:\apache-maven-3.6.1\maven-repo\io\netty\netty-transport-classes-epoll\4.1.77.Final\netty-transport-classes-epoll-4.1.77.Final.jar;E:\apache-maven-3.6.1\maven-repo\io\netty\netty-transport-native-unix-common\4.1.51.Final\netty-transport-native-unix-common-4.1.51.Final.jar;E:\apache-maven-3.6.1\maven-repo\io\netty\netty-transport-classes-kqueue\4.1.77.Final\netty-transport-classes-kqueue-4.1.77.Final.jar;E:\apache-maven-3.6.1\maven-repo\io\netty\netty-resolver-dns-classes-macos\4.1.77.Final\netty-resolver-dns-classes-macos-4.1.77.Final.jar;E:\apache-maven-3.6.1\maven-repo\io\netty\netty-transport-native-epoll\4.1.51.Final\netty-transport-native-epoll-4.1.51.Final-linux-x86_64.jar;E:\apache-maven-3.6.1\maven-repo\io\netty\netty-transport-native-epoll\4.1.77.Final\netty-transport-native-epoll-4.1.77.Final-linux-aarch_64.jar;E:\apache-maven-3.6.1\maven-repo\io\netty\netty-transport-native-kqueue\4.1.51.Final\netty-transport-native-kqueue-4.1.51.Final-osx-x86_64.jar;E:\apache-maven-3.6.1\maven-repo\io\netty\netty-transport-native-kqueue\4.1.77.Final\netty-transport-native-kqueue-4.1.77.Final-osx-aarch_64.jar;E:\apache-maven-3.6.1\maven-repo\io\netty\netty-resolver-dns-native-macos\4.1.51.Final\netty-resolver-dns-native-macos-4.1.51.Final-osx-x86_64.jar;E:\apache-maven-3.6.1\maven-repo\io\netty\netty-resolver-dns-native-macos\4.1.77.Final\netty-resolver-dns-native-macos-4.1.77.Final-osx-aarch_64.jar;E:\apache-maven-3.6.1\maven-repo\org\apache\commons\commons-lang3\3.12.0\commons-lang3-3.12.0.jar;E:\apache-maven-3.6.1\maven-repo\com\rabbitmq\amqp-client\5.9.0\amqp-client-5.9.0.jar;E:\apache-maven-3.6.1\maven-repo\org\slf4j\slf4j-api\1.7.30\slf4j-api-1.7.30.jar;E:\apache-maven-3.6.1\maven-repo\com\github\sgroschupf\zkclient\0.1\zkclient-0.1.jar;E:\apache-maven-3.6.1\maven-repo\org\apache\zookeeper\zookeeper\3.3.3\zookeeper-3.3.3.jar;E:\apache-maven-3.6.1\maven-repo\jline\jline\0.9.94\jline-0.9.94.jar;E:\apache-maven-3.6.1\maven-repo\log4j\log4j\1.2.14\log4j-1.2.14.jar;E:\apache-maven-3.6.1\maven-repo\com\netflix\feign\feign-core\8.18.0\feign-core-8.18.0.jar;E:\apache-maven-3.6.1\maven-repo\org\jvnet\animal-sniffer-annotation\1.0\animal-sniffer-annotation-1.0.jar;E:\apache-maven-3.6.1\maven-repo\com\netflix\feign\feign-jackson\8.18.0\feign-jackson-8.18.0.jar;E:\apache-maven-3.6.1\maven-repo\com\fasterxml\jackson\core\jackson-databind\2.11.1\jackson-databind-2.11.1.jar;E:\apache-maven-3.6.1\maven-repo\com\fasterxml\jackson\core\jackson-annotations\2.11.1\jackson-annotations-2.11.1.jar;"/>
    <property name="sun.cpu.endian" value="little"/>
    <property name="user.home" value="C:\Users\12902"/>
    <property name="user.language" value="zh"/>
    <property name="java.specification.vendor" value="Oracle Corporation"/>
    <property name="java.home" value="C:\Users\12902\.jdks\corretto-1.8.0_322\jre"/>
    <property name="basedir" value="E:\JavaProjectManager\im-whale-shark\im-domain"/>
    <property name="file.separator" value="\"/>
    <property name="line.separator" value="&#10;"/>
    <property name="java.vm.specification.vendor" value="Oracle Corporation"/>
    <property name="java.specification.name" value="Java Platform API Specification"/>
    <property name="java.awt.graphicsenv" value="sun.awt.Win32GraphicsEnvironment"/>
    <property name="surefire.real.class.path" value="C:\Users\12902\AppData\Local\Temp\surefire142814744766829404\surefirebooter1913960196715698853.jar"/>
    <property name="sun.boot.class.path" value="C:\Users\12902\.jdks\corretto-1.8.0_322\jre\lib\resources.jar;C:\Users\12902\.jdks\corretto-1.8.0_322\jre\lib\rt.jar;C:\Users\12902\.jdks\corretto-1.8.0_322\jre\lib\sunrsasign.jar;C:\Users\12902\.jdks\corretto-1.8.0_322\jre\lib\jsse.jar;C:\Users\12902\.jdks\corretto-1.8.0_322\jre\lib\jce.jar;C:\Users\12902\.jdks\corretto-1.8.0_322\jre\lib\charsets.jar;C:\Users\12902\.jdks\corretto-1.8.0_322\jre\lib\jfr.jar;C:\Users\12902\.jdks\corretto-1.8.0_322\jre\classes"/>
    <property name="user.script" value=""/>
    <property name="sun.management.compiler" value="HotSpot 64-Bit Tiered Compilers"/>
    <property name="java.runtime.version" value="1.8.0_322-b06"/>
    <property name="user.name" value="12902"/>
    <property name="path.separator" value=";"/>
    <property name="os.version" value="10.0"/>
    <property name="java.endorsed.dirs" value="C:\Users\12902\.jdks\corretto-1.8.0_322\jre\lib\endorsed"/>
    <property name="java.runtime.name" value="OpenJDK Runtime Environment"/>
    <property name="file.encoding" value="GBK"/>
    <property name="java.vm.name" value="OpenJDK 64-Bit Server VM"/>
    <property name="localRepository" value="E:\apache-maven-3.6.1\maven-repo"/>
    <property name="java.vendor.url.bug" value="https://github.com/corretto/corretto-8/issues/"/>
    <property name="java.io.tmpdir" value="C:\Users\12902\AppData\Local\Temp\"/>
    <property name="idea.version" value="2021.3.2"/>
    <property name="java.version" value="1.8.0_322"/>
    <property name="user.dir" value="E:\JavaProjectManager\im-whale-shark\im-domain"/>
    <property name="os.arch" value="amd64"/>
    <property name="java.vm.specification.name" value="Java Virtual Machine Specification"/>
    <property name="java.awt.printerjob" value="sun.awt.windows.WPrinterJob"/>
    <property name="sun.os.patch.level" value=""/>
    <property name="java.library.path" value="C:\Users\12902\.jdks\corretto-1.8.0_322\jre\bin;C:\WINDOWS\Sun\Java\bin;C:\WINDOWS\system32;C:\WINDOWS;C:\WINDOWS\system32;C:\WINDOWS;C:\WINDOWS\System32\Wbem;C:\WINDOWS\System32\WindowsPowerShell\v1.0\;C:\WINDOWS\System32\OpenSSH\;E:\Git\cmd;C:\Program Files\dotnet\;E:\BanTangerjdk8\bin;E:\mingw64\bin;E:\Elasticsearch分布式搜索引擎\elasticsearch-6.4.3\bin;E:\wkhtmltox 长图制作\wkhtmltopdf\bin;E:\apache-maven-3.6.1\bin;&quot;;E:\apache-maven-3.6.1\bin&quot;;C:\Program Files\nodejs;C:\Users\12902\AppData\Local\Programs\oh-my-posh\bin;C:\Users\12902\AppData\Local\Programs\oh-my-posh\themes;C:\Program Files\Docker\Docker\resources\bin;C:\Users\12902\AppData\Roaming\npm\node_modules\yarn\bin;C:\Program Files\nodejs\node_global;C:\Program Files\Go\bin;E:\gradle-5.2.1\bin;E:\GnuWin32\bin;C:\Users\12902\scoop\shims;E:\BanTangerMySQL\mysql-5.7.19-winx64\bin;D:\Scripts\;C:\Users\12902\AppData\Local\Microsoft\WindowsApps;C:\Users\12902\AppData\Local\Programs\Microsoft VS Code\bin;C:\Users\12902\AppData\Local\Microsoft\WindowsApps;E:\Vim\vim82;C:\Users\12902\AppData\Local\GitHubDesktop\bin;E:\Git\mingw32\libexec\git-core;E:\Git\bin;D:\ffmpeg-2022-01-17-git-dcc9454ab9-essentials_build\bin;C:\Users\12902\IntelliJ IDEA Community Edition 2021.3.1\bin;E:\JAVA_JDK\bin；;E:\IntelliJ IDEA\IntelliJ IDEA 2021.3.2\bin;E:\PyCharm 2021.3.3\bin;E:\CLion 2021.3.1\bin;E:\DataGrip\DataGrip 2021.3.1\bin;E:\fiddler手机抓包工具\Fiddler;C:\Program Files\JetBrains\IntelliJ IDEA 2021.3.2\bin;C:\Program Files\JetBrains\PyCharm 2022.3\bin;D:\BanTanger.github.io\node_modules;C:\Users\12902\AppData\Local\Programs\oh-my-posh\bin;C:\Users\12902\PycharmProjects\pythonProject\venv\Scripts;C:\Users\12902\go\bin;E:\GoLand 2023.1.2\bin;;."/>
    <property name="java.vm.info" value="mixed mode"/>
    <property name="java.vendor" value="Amazon.com Inc."/>
    <property name="java.vm.version" value="25.322-b06"/>
    <property name="java.ext.dirs" value="C:\Users\12902\.jdks\corretto-1.8.0_322\jre\lib\ext;C:\WINDOWS\Sun\Java\lib\ext"/>
    <property name="sun.io.unicode.encoding" value="UnicodeLittle"/>
    <property name="maven.repo.local" value="E:\apache-maven-3.6.1\maven-repo"/>
    <property name="java.class.version" value="52.0"/>
  </properties>
  <testcase name="test_sigApi" classname="SigApiTest" time="0.244"/>
</testsuite>